0 info it worked if it ends with ok
1 verbose cli [ 'C:\\Program Files\\nodejs\\node.exe',
1 verbose cli   'C:\\Program Files\\nodejs\\node_modules\\npm\\bin\\npm-cli.js',
1 verbose cli   'run',
1 verbose cli   'dev' ]
2 info using npm@3.10.10
3 info using node@v6.14.4
4 verbose run-script [ 'predev', 'dev', 'postdev' ]
5 info lifecycle easyplus@1.2.8~predev: easyplus@1.2.8
6 silly lifecycle easyplus@1.2.8~predev: no script for predev, continuing
7 info lifecycle easyplus@1.2.8~dev: easyplus@1.2.8
8 verbose lifecycle easyplus@1.2.8~dev: unsafe-perm in lifecycle true
9 verbose lifecycle easyplus@1.2.8~dev: PATH: C:\Program Files\nodejs\node_modules\npm\bin\node-gyp-bin;E:\EasyPlus开源\webxin\easyplus\node_modules\.bin;C:\Program Files (x86)\Common Files\TEC-IT\TBarCode\10.2\;C:\Program Files (x86)\Common Files\Oracle\Java\javapath;C:\Program Files (x86)\Borland\Delphi7\Bin;C:\Program Files (x86)\Borland\Delphi7\Projects\Bpl\;C:\WINDOWS\system32;C:\WINDOWS;C:\WINDOWS\System32\Wbem;C:\WINDOWS\System32\WindowsPowerShell\v1.0\;C:\WINDOWS\System32\OpenSSH\;C:\Program Files (x86)\NVIDIA Corporation\PhysX\Common;C:\Program Files\Intel\WiFi\bin\;C:\Program Files\Common Files\Intel\WirelessCommon\;C:\Program Files\Git\cmd;C:\Program Files\dotnet\;C:\Program Files\Microsoft SQL Server\130\Tools\Binn\;C:\Program Files\TortoiseGit\bin;C:\Program Files\Java\jdk1.8.0_181\bin;D:\MyApp\apache-maven-3.3.9\bin;C:\Program Files\Microsoft SQL Server\110\DTS\Binn\;C:\Program Files (x86)\Microsoft SQL Server\110\Tools\Binn\;C:\Program Files\Microsoft SQL Server\110\Tools\Binn\;C:\Program Files (x86)\Microsoft SQL Server\110\Tools\Binn\ManagementStudio\;C:\Program Files (x86)\Microsoft Visual Studio 10.0\Common7\IDE\PrivateAssemblies\;C:\Program Files (x86)\Microsoft SQL Server\110\DTS\Binn\;C:\Program Files\nodejs\;C:\Program Files\Microsoft VS Code\bin;C:\Program Files (x86)\Microsoft SQL Server\Client SDK\ODBC\130\Tools\Binn\;C:\Program Files (x86)\Microsoft SQL Server\140\Tools\Binn\;C:\Program Files (x86)\Microsoft SQL Server\140\DTS\Binn\;C:\Program Files (x86)\Microsoft SQL Server\140\Tools\Binn\ManagementStudio\;C:\Program Files\MySQL\MySQL Utilities 1.6\;C:\Users\goto9cccc\AppData\Local\Microsoft\WindowsApps;C:\Program Files\Intel\WiFi\bin\;C:\Program Files\Common Files\Intel\WirelessCommon\;C:\Users\goto9cccc\AppData\Local\Programs\Microsoft VS Code\bin;C:\Users\goto9cccc\AppData\Roaming\npm
10 verbose lifecycle easyplus@1.2.8~dev: CWD: E:\EasyPlus开源\webxin\easyplus
11 silly lifecycle easyplus@1.2.8~dev: Args: [ '/d /s /c',
11 silly lifecycle   'cross-env NODE_ENV=development wepy build --watch' ]
12 silly lifecycle easyplus@1.2.8~dev: Returned: code: 3221225786  signal: null
13 info lifecycle easyplus@1.2.8~dev: Failed to exec dev script
14 verbose stack Error: easyplus@1.2.8 dev: `cross-env NODE_ENV=development wepy build --watch`
14 verbose stack Exit status 3221225786
14 verbose stack     at EventEmitter.<anonymous> (C:\Program Files\nodejs\node_modules\npm\lib\utils\lifecycle.js:255:16)
14 verbose stack     at emitTwo (events.js:106:13)
14 verbose stack     at EventEmitter.emit (events.js:191:7)
14 verbose stack     at ChildProcess.<anonymous> (C:\Program Files\nodejs\node_modules\npm\lib\utils\spawn.js:40:14)
14 verbose stack     at emitTwo (events.js:106:13)
14 verbose stack     at ChildProcess.emit (events.js:191:7)
14 verbose stack     at maybeClose (internal/child_process.js:920:16)
14 verbose stack     at Process.ChildProcess._handle.onexit (internal/child_process.js:230:5)
15 verbose pkgid easyplus@1.2.8
16 verbose cwd E:\EasyPlus开源\webxin\easyplus
17 error Windows_NT 10.0.17134
18 error argv "C:\\Program Files\\nodejs\\node.exe" "C:\\Program Files\\nodejs\\node_modules\\npm\\bin\\npm-cli.js" "run" "dev"
19 error node v6.14.4
20 error npm  v3.10.10
21 error code ELIFECYCLE
22 error easyplus@1.2.8 dev: `cross-env NODE_ENV=development wepy build --watch`
22 error Exit status 3221225786
23 error Failed at the easyplus@1.2.8 dev script 'cross-env NODE_ENV=development wepy build --watch'.
23 error Make sure you have the latest version of node.js and npm installed.
23 error If you do, this is most likely a problem with the easyplus package,
23 error not with npm itself.
23 error Tell the author that this fails on your system:
23 error     cross-env NODE_ENV=development wepy build --watch
23 error You can get information on how to open an issue for this project with:
23 error     npm bugs easyplus
23 error Or if that isn't available, you can get their info via:
23 error     npm owner ls easyplus
23 error There is likely additional logging output above.
24 verbose exit [ 1, true ]
